<?xml version="1.0" encoding="UTF-8"?>
<testsuite xmlns:xsi="http://www.w3.org/2001/XMLSchema-instance" xsi:noNamespaceSchemaLocation="https://maven.apache.org/surefire/maven-surefire-plugin/xsd/surefire-test-report-3.0.xsd" version="3.0" name="Asid.G1.gatewaydemo.GatewayApplicationTests" time="4.004" tests="1" errors="0" skipped="0" failures="0">
  <properties>
[...]
</properties>
  <testcase name="contextLoads" classname="Asid.G1.gatewaydemo.GatewayApplicationTests" time="0.61">
    <system-out><![CDATA[22:57:27.093 [main] INFO org.springframework.test.context.support.AnnotationConfigContextLoaderUtils -- Could not detect default configuration classes for test class [Asid.G1.gatewaydemo.GatewayApplicationTests]: GatewayApplicationTests does not declare any static, non-private, non-final, nested classes annotated with @Configuration.
22:57:27.188 [main] INFO org.springframework.boot.test.context.SpringBootTestContextBootstrapper -- Found @SpringBootConfiguration Asid.G1.gatewaydemo.GatewayDemoApplication for test class Asid.G1.gatewaydemo.GatewayApplicationTests

  .   ____          _            __ _ _
 /\\ / ___'_ __ _ _(_)_ __  __ _ \ \ \ \
( ( )\___ | '_ | '_| | '_ \/ _` | \ \ \ \
 \\/  ___)| |_)| | | | | || (_| |  ) ) ) )
  '  |____| .__|_| |_|_| |_\__, | / / / /
 =========|_|==============|___/=/_/_/_/
 :: Spring Boot ::                (v3.2.5)

2024-06-01T22:57:27.707+01:00  INFO 23636 --- [api-gateway] [           main] A.G.gatewaydemo.GatewayApplicationTests  : Starting GatewayApplicationTests using Java 22.0.1 with PID 23636 (started by joaop in C:\Users\joaop\Desktop\UNI\4 ano\2Semestre\ASID\DeploymentEureka\gateway)
2024-06-01T22:57:27.708+01:00  INFO 23636 --- [api-gateway] [           main] A.G.gatewaydemo.GatewayApplicationTests  : No active profile set, falling back to 1 default profile: "default"
2024-06-01T22:57:28.771+01:00  INFO 23636 --- [api-gateway] [           main] o.s.cloud.context.scope.GenericScope     : BeanFactory id=5e3482cb-e349-3c94-acbc-a8f802f27d1c
2024-06-01T22:57:28.850+01:00  WARN 23636 --- [api-gateway] [           main] trationDelegate$BeanPostProcessorChecker : Bean 'org.springframework.cloud.client.loadbalancer.LoadBalancerAutoConfiguration$DeferringLoadBalancerInterceptorConfig' of type [org.springframework.cloud.client.loadbalancer.LoadBalancerAutoConfiguration$DeferringLoadBalancerInterceptorConfig] is not eligible for getting processed by all BeanPostProcessors (for example: not eligible for auto-proxying). The currently created BeanPostProcessor [lbRestClientPostProcessor] is declared through a non-static factory method on that class; consider declaring it as static instead.
2024-06-01T22:57:28.852+01:00  WARN 23636 --- [api-gateway] [           main] trationDelegate$BeanPostProcessorChecker : Bean 'deferringLoadBalancerInterceptor' of type [org.springframework.cloud.client.loadbalancer.DeferringLoadBalancerInterceptor] is not eligible for getting processed by all BeanPostProcessors (for example: not eligible for auto-proxying). Is this bean getting eagerly injected into a currently created BeanPostProcessor [lbRestClientPostProcessor]? Check the corresponding BeanPostProcessor declaration and its dependencies.
2024-06-01T22:57:29.836+01:00  INFO 23636 --- [api-gateway] [           main] DiscoveryClientOptionalArgsConfiguration : Eureka HTTP Client uses RestTemplate.
2024-06-01T22:57:29.962+01:00  WARN 23636 --- [api-gateway] [           main] iguration$LoadBalancerCaffeineWarnLogger : Spring Cloud LoadBalancer is currently working with the default cache. While this cache implementation is useful for development and tests, it's recommended to use Caffeine cache in production.You can switch to using Caffeine cache, by adding it and org.springframework.cache.caffeine.CaffeineCacheManager to the classpath.
2024-06-01T22:57:29.970+01:00  INFO 23636 --- [api-gateway] [           main] o.s.b.a.e.web.EndpointLinksResolver      : Exposing 16 endpoint(s) beneath base path '/actuator'
2024-06-01T22:57:30.019+01:00  INFO 23636 --- [api-gateway] [           main] o.s.c.n.eureka.InstanceInfoFactory       : Setting initial instance status as: STARTING
2024-06-01T22:57:30.106+01:00  INFO 23636 --- [api-gateway] [           main] com.netflix.discovery.DiscoveryClient    : Initializing Eureka in region us-east-1
2024-06-01T22:57:30.112+01:00  INFO 23636 --- [api-gateway] [           main] c.n.d.s.r.aws.ConfigClusterResolver      : Resolving eureka endpoints via configuration
2024-06-01T22:57:30.131+01:00  INFO 23636 --- [api-gateway] [           main] com.netflix.discovery.DiscoveryClient    : Disable delta property : false
2024-06-01T22:57:30.131+01:00  INFO 23636 --- [api-gateway] [           main] com.netflix.discovery.DiscoveryClient    : Single vip registry refresh property : null
2024-06-01T22:57:30.131+01:00  INFO 23636 --- [api-gateway] [           main] com.netflix.discovery.DiscoveryClient    : Force full registry fetch : false
2024-06-01T22:57:30.131+01:00  INFO 23636 --- [api-gateway] [           main] com.netflix.discovery.DiscoveryClient    : Application is null : false
2024-06-01T22:57:30.131+01:00  INFO 23636 --- [api-gateway] [           main] com.netflix.discovery.DiscoveryClient    : Registered Applications size is zero : true
2024-06-01T22:57:30.131+01:00  INFO 23636 --- [api-gateway] [           main] com.netflix.discovery.DiscoveryClient    : Application version is -1: true
2024-06-01T22:57:30.131+01:00  INFO 23636 --- [api-gateway] [           main] com.netflix.discovery.DiscoveryClient    : Getting all instance registry info from the eureka server
2024-06-01T22:57:30.315+01:00  INFO 23636 --- [api-gateway] [           main] com.netflix.discovery.DiscoveryClient    : The response status is 200
2024-06-01T22:57:30.317+01:00  INFO 23636 --- [api-gateway] [           main] com.netflix.discovery.DiscoveryClient    : Starting heartbeat executor: renew interval is: 30
2024-06-01T22:57:30.318+01:00  INFO 23636 --- [api-gateway] [           main] c.n.discovery.InstanceInfoReplicator     : InstanceInfoReplicator onDemand update allowed rate per min is 4
2024-06-01T22:57:30.323+01:00  INFO 23636 --- [api-gateway] [           main] com.netflix.discovery.DiscoveryClient    : Discovery Client initialized at timestamp 1717279050322 with initial instances count: 1
2024-06-01T22:57:30.324+01:00  INFO 23636 --- [api-gateway] [           main] o.s.c.n.e.s.EurekaServiceRegistry        : Registering application API-GATEWAY with eureka with status UP
2024-06-01T22:57:30.325+01:00  INFO 23636 --- [api-gateway] [           main] com.netflix.discovery.DiscoveryClient    : Saw local status change event StatusChangeEvent [timestamp=1717279050325, current=UP, previous=STARTING]
2024-06-01T22:57:30.326+01:00  INFO 23636 --- [api-gateway] [nfoReplicator-0] com.netflix.discovery.DiscoveryClient    : DiscoveryClient_API-GATEWAY/host.docker.internal:api-gateway:8080: registering service...
2024-06-01T22:57:30.335+01:00  INFO 23636 --- [api-gateway] [           main] A.G.gatewaydemo.GatewayApplicationTests  : Started GatewayApplicationTests in 3.008 seconds (process running for 3.817)
2024-06-01T22:57:30.365+01:00  INFO 23636 --- [api-gateway] [nfoReplicator-0] com.netflix.discovery.DiscoveryClient    : DiscoveryClient_API-GATEWAY/host.docker.internal:api-gateway:8080 - registration status: 204
]]></system-out>
    <system-err><![CDATA[WARNING: A Java agent has been loaded dynamically (C:\Users\joaop\.m2\repository\net\bytebuddy\byte-buddy-agent\1.14.13\byte-buddy-agent-1.14.13.jar)
WARNING: If a serviceability tool is in use, please run with -XX:+EnableDynamicAgentLoading to hide this warning
WARNING: If a serviceability tool is not in use, please run with -Djdk.instrument.traceUsage for more information
WARNING: Dynamic loading of agents will be disallowed by default in a future release
]]></system-err>
  </testcase>
</testsuite>